time=2024-07-15T06:52:44.040+05:00 level=ERROR msg="Error with requesting GetProfile method: %s" !BADKEY="rpc error: code = Unavailable desc = connection error: desc = \"transport: Error while dialing: dial tcp [::2222]:443: connect: network is unreachable\""
time=2024-07-15T06:53:30.137+05:00 level=ERROR msg="Error with requesting GetProfile method: %s" !BADKEY="rpc error: code = Unavailable desc = connection error: desc = \"transport: Error while dialing: dial tcp [::2222]:443: connect: network is unreachable\""
time=2024-07-15T06:53:30.648+05:00 level=ERROR msg="Error with requesting GetProfile method: %s" !BADKEY="rpc error: code = Unavailable desc = connection error: desc = \"transport: Error while dialing: dial tcp [::2222]:443: connect: network is unreachable\""
time=2024-07-15T06:53:31.020+05:00 level=ERROR msg="Error with requesting GetProfile method: %s" !BADKEY="rpc error: code = Unavailable desc = connection error: desc = \"transport: Error while dialing: dial tcp [::2222]:443: connect: network is unreachable\""
time=2024-07-15T06:53:31.239+05:00 level=ERROR msg="Error with requesting GetProfile method: %s" !BADKEY="rpc error: code = Unavailable desc = connection error: desc = \"transport: Error while dialing: dial tcp [::2222]:443: connect: network is unreachable\""
time=2024-07-15T06:53:31.444+05:00 level=ERROR msg="Error with requesting GetProfile method: %s" !BADKEY="rpc error: code = Unavailable desc = connection error: desc = \"transport: Error while dialing: dial tcp [::2222]:443: connect: network is unreachable\""
time=2024-07-15T06:54:42.122+05:00 level=ERROR msg="Error with requesting GetProfile method: %s" !BADKEY="rpc error: code = Unavailable desc = connection error: desc = \"transport: Error while dialing: dial tcp 127.0.0.1:2222: connect: connection refused\""
time=2024-07-15T06:54:43.045+05:00 level=ERROR msg="Error with requesting GetProfile method: %s" !BADKEY="rpc error: code = Unavailable desc = connection error: desc = \"transport: Error while dialing: dial tcp 127.0.0.1:2222: connect: connection refused\""
time=2024-07-15T06:54:43.440+05:00 level=ERROR msg="Error with requesting GetProfile method: %s" !BADKEY="rpc error: code = Unavailable desc = connection error: desc = \"transport: Error while dialing: dial tcp 127.0.0.1:2222: connect: connection refused\""
time=2024-07-15T06:54:43.773+05:00 level=ERROR msg="Error with requesting GetProfile method: %s" !BADKEY="rpc error: code = Unavailable desc = connection error: desc = \"transport: Error while dialing: dial tcp 127.0.0.1:2222: connect: connection refused\""
time=2024-07-15T06:54:43.967+05:00 level=ERROR msg="Error with requesting GetProfile method: %s" !BADKEY="rpc error: code = Unavailable desc = connection error: desc = \"transport: Error while dialing: dial tcp 127.0.0.1:2222: connect: connection refused\""
time=2024-07-15T06:54:44.212+05:00 level=ERROR msg="Error with requesting GetProfile method: %s" !BADKEY="rpc error: code = Unavailable desc = connection error: desc = \"transport: Error while dialing: dial tcp 127.0.0.1:2222: connect: connection refused\""
time=2024-07-15T06:58:58.631+05:00 level=ERROR msg="error with requesting GetProfile method: rpc error: code = Unavailable desc = connection error: desc = \"transport: Error while dialing: dial tcp 127.0.0.1:2222: connect: connection refused\""
time=2024-07-15T06:59:00.861+05:00 level=ERROR msg="error with requesting GetProfile method: rpc error: code = Unavailable desc = connection error: desc = \"transport: Error while dialing: dial tcp 127.0.0.1:2222: connect: connection refused\""
time=2024-07-15T07:01:28.297+05:00 level=ERROR msg="error with requesting GetProfile method: rpc error: code = Unavailable desc = connection error: desc = \"transport: Error while dialing: dial tcp 127.0.0.1:2222: connect: connection refused\""
time=2024-07-15T07:06:22.163+05:00 level=ERROR msg="error with requesting GetProfile method: rpc error: code = Unavailable desc = connection error: desc = \"transport: Error while dialing: dial tcp 127.0.0.1:2222: connect: connection refused\""
time=2024-07-15T07:08:33.210+05:00 level=ERROR msg="error with requesting GetProfile method: rpc error: code = Unavailable desc = name resolver error: produced zero addresses"
time=2024-07-15T07:13:22.837+05:00 level=ERROR msg="error with requesting GetProfile method: rpc error: code = Unknown desc = pq: invalid input syntax for type uuid: \"efrgthgfd\""
time=2024-07-15T07:33:42.070+05:00 level=ERROR msg="error with requesting ValidateUser method: rpc error: code = Unknown desc = sql: no rows in result set"
time=2024-07-15T07:35:28.939+05:00 level=ERROR msg="error with requesting ValidateUser method: rpc error: code = Unavailable desc = error reading from server: EOF"
time=2024-07-15T07:35:29.779+05:00 level=ERROR msg="error with requesting ValidateUser method: rpc error: code = Unavailable desc = connection error: desc = \"transport: Error while dialing: dial tcp 127.0.0.1:2222: connect: connection refused\""
time=2024-07-15T07:35:30.149+05:00 level=ERROR msg="error with requesting ValidateUser method: rpc error: code = Unavailable desc = connection error: desc = \"transport: Error while dialing: dial tcp 127.0.0.1:2222: connect: connection refused\""
time=2024-07-15T07:35:30.698+05:00 level=ERROR msg="error with requesting ValidateUser method: rpc error: code = Unavailable desc = connection error: desc = \"transport: Error while dialing: dial tcp 127.0.0.1:2222: connect: connection refused\""
time=2024-07-15T08:51:17.041+05:00 level=ERROR msg="error with requesting EditProfile method: rpc error: code = Unknown desc = pq: got 4 parameters but the statement requires 5"
time=2024-07-15T09:27:40.224+05:00 level=ERROR msg="error with requesting DeleteUser method: rpc error: code = Unknown desc = pq: syntax error at or near \"users\""
time=2024-07-15T09:28:28.617+05:00 level=ERROR msg="error with requesting DeleteUser method: rpc error: code = Unknown desc = pq: syntax error at or near \"users\""
time=2024-07-15T10:16:38.132+05:00 level=ERROR msg="error with requesting DeleteUser method: rpc error: code = Unknown desc = pq: syntax error at or near \"users\""
time=2024-07-15T10:19:02.800+05:00 level=ERROR msg="error with requesting DeleteUser method: rpc error: code = Unknown desc = pq: syntax error at or near \"users\""
time=2024-07-15T10:20:51.434+05:00 level=ERROR msg="error with requesting DeleteUser method: rpc error: code = Unknown desc = pq: update or delete on table \"users\" violates foreign key constraint \"refresh_tokens_user_id_fkey\" on table \"refresh_tokens\""
time=2024-07-15T10:21:01.685+05:00 level=ERROR msg="error with requesting DeleteUser method: rpc error: code = Unknown desc = pq: update or delete on table \"users\" violates foreign key constraint \"refresh_tokens_user_id_fkey\" on table \"refresh_tokens\""
time=2024-07-15T13:25:43.604+05:00 level=ERROR msg="error with requesting Follow method: rpc error: code = Unknown desc = pq: INSERT has more expressions than target columns"
time=2024-07-15T13:28:02.248+05:00 level=ERROR msg="error with requesting Follow method: rpc error: code = Unknown desc = pq: duplicate key value violates unique constraint \"following_pkey\""
time=2024-07-15T14:10:11.198+05:00 level=ERROR msg="error with requesting Follow method: rpc error: code = Unknown desc = pq: duplicate key value violates unique constraint \"following_pkey\""
time=2024-07-15T14:16:14.095+05:00 level=ERROR msg="error with requesting Follow method: rpc error: code = Unknown desc = error with follower and folloving id are the same"
time=2024-07-15T14:18:28.020+05:00 level=ERROR msg="error with requesting GetFollowers method: rpc error: code = Unknown desc = pq: syntax error at or near \"=\""
time=2024-07-15T15:04:39.889+05:00 level=ERROR msg="error with requesting GetFollowers method: rpc error: code = Unknown desc = sql: no rows in result set"
time=2024-07-15T15:05:00.159+05:00 level=ERROR msg="error with requesting GetFollowers method: rpc error: code = Unknown desc = sql: no rows in result set"
time=2024-07-15T15:05:19.920+05:00 level=ERROR msg="error with requesting GetFollowers method: rpc error: code = Unknown desc = sql: no rows in result set"
time=2024-07-15T15:06:26.211+05:00 level=ERROR msg="error with requesting GetFollowers method: rpc error: code = Unknown desc = sql: no rows in result set"
time=2024-07-15T15:06:58.563+05:00 level=ERROR msg="error with requesting GetFollowers method: rpc error: code = Unknown desc = sql: no rows in result set"
time=2024-07-15T15:07:35.517+05:00 level=ERROR msg="error with requesting GetFollowers method: rpc error: code = Unknown desc = sql: no rows in result set"
time=2024-07-15T15:08:39.094+05:00 level=ERROR msg="error with requesting GetFollowers method: rpc error: code = Unknown desc = sql: no rows in result set"
time=2024-07-15T15:09:34.210+05:00 level=ERROR msg="error with requesting GetFollowers method: rpc error: code = Unknown desc = sql: no rows in result set"
time=2024-07-15T15:09:59.857+05:00 level=ERROR msg="error with requesting GetFollowers method: rpc error: code = Unknown desc = sql: no rows in result set"
time=2024-07-15T15:10:45.552+05:00 level=ERROR msg="error with requesting GetFollowers method: rpc error: code = Unknown desc = sql: no rows in result set"
time=2024-07-15T15:15:35.636+05:00 level=ERROR msg="error with requesting GetFollowers method: rpc error: code = Unknown desc = sql: no rows in result set"
time=2024-07-15T15:15:36.509+05:00 level=ERROR msg="error with requesting GetFollowers method: rpc error: code = Unknown desc = sql: no rows in result set"
time=2024-07-15T15:15:36.678+05:00 level=ERROR msg="error with requesting GetFollowers method: rpc error: code = Unknown desc = sql: no rows in result set"
time=2024-07-15T15:15:36.832+05:00 level=ERROR msg="error with requesting GetFollowers method: rpc error: code = Unknown desc = sql: no rows in result set"
time=2024-07-15T15:15:36.979+05:00 level=ERROR msg="error with requesting GetFollowers method: rpc error: code = Unknown desc = sql: no rows in result set"
time=2024-07-15T15:15:37.180+05:00 level=ERROR msg="error with requesting GetFollowers method: rpc error: code = Unknown desc = sql: no rows in result set"
time=2024-07-15T15:15:37.344+05:00 level=ERROR msg="error with requesting GetFollowers method: rpc error: code = Unknown desc = sql: no rows in result set"
time=2024-07-15T15:15:37.621+05:00 level=ERROR msg="error with requesting GetFollowers method: rpc error: code = Unknown desc = sql: no rows in result set"
time=2024-07-15T15:16:17.067+05:00 level=ERROR msg="error with requesting GetFollowers method: rpc error: code = Unknown desc = sql: no rows in result set"
time=2024-07-15T15:17:08.164+05:00 level=ERROR msg="error with requesting GetFollowers method: rpc error: code = Unknown desc = sql: no rows in result set"
time=2024-07-16T10:18:04.614+05:00 level=ERROR msg="error with requesting CreateStory method: rpc error: code = Unknown desc = error: invalid userID: %!s(<nil>)"
time=2024-07-16T10:18:33.249+05:00 level=ERROR msg="error with requesting CreateStory method: rpc error: code = Unknown desc = error: invalid userID: %!s(<nil>)"
time=2024-07-16T10:18:33.839+05:00 level=ERROR msg="error with requesting CreateStory method: rpc error: code = Unknown desc = error: invalid userID: %!s(<nil>)"
time=2024-07-16T10:18:34.016+05:00 level=ERROR msg="error with requesting CreateStory method: rpc error: code = Unknown desc = error: invalid userID: %!s(<nil>)"
time=2024-07-16T10:19:39.208+05:00 level=ERROR msg="error with requesting CreateStory method: rpc error: code = Unknown desc = error: invalid userID: %!s(<nil>)"
time=2024-07-16T10:20:43.487+05:00 level=ERROR msg="error with requesting CreateStory method: rpc error: code = Unknown desc = error: invalid userID: %!s(<nil>)"
time=2024-07-16T14:08:55.041+05:00 level=ERROR msg="error with requesting GetStoryFullInfo method: rpc error: code = Unknown desc = sql: no rows in result set"
time=2024-07-16T14:09:54.450+05:00 level=ERROR msg="error with requesting GetStoryFullInfo method: rpc error: code = Unknown desc = sql: no rows in result set"
time=2024-07-16T14:09:57.684+05:00 level=ERROR msg="error with requesting GetStoryFullInfo method: rpc error: code = Unknown desc = sql: no rows in result set"
time=2024-07-16T14:09:58.113+05:00 level=ERROR msg="error with requesting GetStoryFullInfo method: rpc error: code = Unknown desc = sql: no rows in result set"
time=2024-07-16T14:09:58.308+05:00 level=ERROR msg="error with requesting GetStoryFullInfo method: rpc error: code = Unknown desc = sql: no rows in result set"
time=2024-07-16T14:09:58.562+05:00 level=ERROR msg="error with requesting GetStoryFullInfo method: rpc error: code = Unknown desc = sql: no rows in result set"
time=2024-07-16T14:10:39.822+05:00 level=ERROR msg="error with requesting GetStoryFullInfo method: rpc error: code = Unknown desc = sql: no rows in result set"
